#
# There is insufficient memory for the Java Runtime Environment to continue.
# Native memory allocation (malloc) failed to allocate 1048576 bytes for AllocateHeap
# Possible reasons:
#   The system is out of physical RAM or swap space
#   The process is running with CompressedOops enabled, and the Java Heap may be blocking the growth of the native heap
# Possible solutions:
#   Reduce memory load on the system
#   Increase physical memory or swap space
#   Check if swap backing store is full
#   Decrease Java heap size (-Xmx/-Xms)
#   Decrease number of Java threads
#   Decrease Java thread stack sizes (-Xss)
#   Set larger code cache with -XX:ReservedCodeCacheSize=
#   JVM is running with Zero Based Compressed Oops mode in which the Java heap is
#     placed in the first 32GB address space. The Java Heap base address is the
#     maximum limit for the native heap growth. Please use -XX:HeapBaseMinAddress
#     to set the Java Heap base and to place the Java Heap above 32GB virtual address.
# This output file may be truncated or incomplete.
#
#  Out of Memory Error (memory/allocation.inline.hpp:61), pid=143824, tid=0x0000000000023208
#
# JRE version:  (8.0_333-b02) (build )
# Java VM: Java HotSpot(TM) 64-Bit Server VM (25.333-b02 mixed mode windows-amd64 compressed oops)
# Failed to write core dump. Minidumps are not enabled by default on client versions of Windows
#

---------------  T H R E A D  ---------------

Current thread (0x000001d459873800):  JavaThread "Unknown thread" [_thread_in_vm, id=143880, stack(0x0000009989f00000,0x000000998a000000)]

Stack: [0x0000009989f00000,0x000000998a000000]
Native frames: (J=compiled Java code, j=interpreted, Vv=VM code, C=native code)
V  [jvm.dll+0x32fc49]
V  [jvm.dll+0x2761a2]
V  [jvm.dll+0x276e4d]
V  [jvm.dll+0x26d7f5]
V  [jvm.dll+0x509d]
V  [jvm.dll+0x3ca62d]
V  [jvm.dll+0x3cb3aa]
V  [jvm.dll+0x3c7337]
V  [jvm.dll+0xfd2ff]
V  [jvm.dll+0x20a8eb]
V  [jvm.dll+0x239417]
V  [jvm.dll+0x162e26]
C  [java.exe+0x2312]
C  [java.exe+0x15f54]
C  [KERNEL32.DLL+0x17034]
C  [ntdll.dll+0x52651]


---------------  P R O C E S S  ---------------

Java Threads: ( => current thread )

Other Threads:

=>0x000001d459873800 (exited) JavaThread "Unknown thread" [_thread_in_vm, id=143880, stack(0x0000009989f00000,0x000000998a000000)]

VM state:not at safepoint (normal execution)

VM Mutex/Monitor currently owned by a thread: None

heap address: 0x00000006c2000000, size: 4064 MB, Compressed Oops mode: Zero based, Oop shift amount: 3
Narrow klass base: 0x0000000000000000, Narrow klass shift: 3
Compressed class space size: 1073741824 Address: 0x00000007c0000000

Heap:
 PSYoungGen      total 75776K, used 1300K [0x000000076b580000, 0x0000000770a00000, 0x00000007c0000000)
  eden space 65024K, 2% used [0x000000076b580000,0x000000076b6c51f8,0x000000076f500000)
  from space 10752K, 0% used [0x000000076ff80000,0x000000076ff80000,0x0000000770a00000)
  to   space 10752K, 0% used [0x000000076f500000,0x000000076f500000,0x000000076ff80000)
 ParOldGen       total 173568K, used 0K [0x00000006c2000000, 0x00000006cc980000, 0x000000076b580000)
  object space 173568K, 0% used [0x00000006c2000000,0x00000006c2000000,0x00000006cc980000)
 Metaspace       used 778K, capacity 4480K, committed 4480K, reserved 1056768K
  class space    used 76K, capacity 384K, committed 384K, reserved 1048576K

Card table byte_map: [0x000001d46a5c0000,0x000001d46adc0000] byte_map_base: 0x000001d466fb0000

Marking Bits: (ParMarkBitMap*) 0x00000000719b9030
 Begin Bits: [0x000001d46b310000, 0x000001d46f290000)
 End Bits:   [0x000001d46f290000, 0x000001d473210000)

Polling page: 0x000001d4599b0000

CodeCache: size=245760Kb used=329Kb max_used=329Kb free=245430Kb
 bounds [0x000001d45b200000, 0x000001d45b470000, 0x000001d46a200000]
 total_blobs=58 nmethods=0 adapters=38
 compilation: enabled

Compilation events (0 events):
No events

GC Heap History (0 events):
No events

Deoptimization events (0 events):
No events

Classes redefined (0 events):
No events

Internal exceptions (0 events):
No events

Events (10 events):
Event: 0.023 loading class java/lang/Short
Event: 0.023 loading class java/lang/Short done
Event: 0.023 loading class java/lang/Integer
Event: 0.023 loading class java/lang/Integer done
Event: 0.023 loading class java/lang/Long
Event: 0.023 loading class java/lang/Long done
Event: 0.023 loading class java/lang/NullPointerException
Event: 0.023 loading class java/lang/NullPointerException done
Event: 0.023 loading class java/lang/ArithmeticException
Event: 0.023 loading class java/lang/ArithmeticException done


Dynamic libraries:
0x00007ff669fe0000 - 0x00007ff66a027000 	C:\Program Files\Java\jdk1.8.0_333\bin\java.exe
0x00007ffbbe470000 - 0x00007ffbbe667000 	C:\WINDOWS\SYSTEM32\ntdll.dll
0x00007ffbbdf70000 - 0x00007ffbbe02d000 	C:\WINDOWS\System32\KERNEL32.DLL
0x00007ffbbbe30000 - 0x00007ffbbc0fd000 	C:\WINDOWS\System32\KERNELBASE.dll
0x00007ffbbc4e0000 - 0x00007ffbbc58e000 	C:\WINDOWS\System32\ADVAPI32.dll
0x00007ffbbc870000 - 0x00007ffbbc90e000 	C:\WINDOWS\System32\msvcrt.dll
0x00007ffbbcf40000 - 0x00007ffbbcfdc000 	C:\WINDOWS\System32\sechost.dll
0x00007ffbbc6c0000 - 0x00007ffbbc7e5000 	C:\WINDOWS\System32\RPCRT4.dll
0x00007ffbbd350000 - 0x00007ffbbd4f0000 	C:\WINDOWS\System32\USER32.dll
0x00007ffbbc470000 - 0x00007ffbbc492000 	C:\WINDOWS\System32\win32u.dll
0x00007ffbbd550000 - 0x00007ffbbd57a000 	C:\WINDOWS\System32\GDI32.dll
0x00007ffbbbb90000 - 0x00007ffbbbc9b000 	C:\WINDOWS\System32\gdi32full.dll
0x00007ffbbc360000 - 0x00007ffbbc3fd000 	C:\WINDOWS\System32\msvcp_win.dll
0x00007ffbbbca0000 - 0x00007ffbbbda0000 	C:\WINDOWS\System32\ucrtbase.dll
0x00007ffba9b80000 - 0x00007ffba9e1a000 	C:\WINDOWS\WinSxS\amd64_microsoft.windows.common-controls_6595b64144ccf1df_6.0.19041.1110_none_60b5254171f9507e\COMCTL32.dll
0x00007ffbbcde0000 - 0x00007ffbbce10000 	C:\WINDOWS\System32\IMM32.DLL
0x00007ffb96570000 - 0x00007ffb96585000 	C:\Program Files\Java\jdk1.8.0_333\jre\bin\vcruntime140.dll
0x00007ffb7a0c0000 - 0x00007ffb7a15b000 	C:\Program Files\Java\jdk1.8.0_333\jre\bin\msvcp140.dll
0x00000000711d0000 - 0x0000000071a31000 	C:\Program Files\Java\jdk1.8.0_333\jre\bin\server\jvm.dll
0x00007ffbbc4d0000 - 0x00007ffbbc4d8000 	C:\WINDOWS\System32\PSAPI.DLL
0x00007ffbaa570000 - 0x00007ffbaa579000 	C:\WINDOWS\SYSTEM32\WSOCK32.dll
0x00007ffbbce10000 - 0x00007ffbbce7b000 	C:\WINDOWS\System32\WS2_32.dll
0x00007ffbb52a0000 - 0x00007ffbb52aa000 	C:\WINDOWS\SYSTEM32\VERSION.dll
0x00007ffbb69a0000 - 0x00007ffbb69c7000 	C:\WINDOWS\SYSTEM32\WINMM.dll
0x00007ffbba470000 - 0x00007ffbba482000 	C:\WINDOWS\SYSTEM32\kernel.appcore.dll
0x00007ffba4510000 - 0x00007ffba4520000 	C:\Program Files\Java\jdk1.8.0_333\jre\bin\verify.dll
0x00007ffb81960000 - 0x00007ffb8198b000 	C:\Program Files\Java\jdk1.8.0_333\jre\bin\java.dll
0x00007ffbaddf0000 - 0x00007ffbade20000 	C:\Program Files\Java\jdk1.8.0_333\jre\bin\instrument.dll
0x00007ffb950d0000 - 0x00007ffb950e8000 	C:\Program Files\Java\jdk1.8.0_333\jre\bin\zip.dll
0x00007ffbb9990000 - 0x00007ffbb9b74000 	C:\WINDOWS\SYSTEM32\dbghelp.dll
0x00007ffbbbda0000 - 0x00007ffbbbe22000 	C:\WINDOWS\System32\bcryptPrimitives.dll

VM Arguments:
jvm_args: -XX:TieredStopAtLevel=1 -Xverify:none -Dspring.output.ansi.enabled=always -Dcom.sun.management.jmxremote -Dspring.jmx.enabled=true -Dspring.liveBeansView.mbeanDomain -Dspring.application.admin.enabled=true -javaagent:D:\IntelliJ IDEA 2022.1.2\lib\idea_rt.jar=49193:D:\IntelliJ IDEA 2022.1.2\bin -Dfile.encoding=UTF-8 
java_command: com.example.demo.DemoApplication
java_class_path (initial): C:\Program Files\Java\jdk1.8.0_333\jre\lib\charsets.jar;C:\Program Files\Java\jdk1.8.0_333\jre\lib\deploy.jar;C:\Program Files\Java\jdk1.8.0_333\jre\lib\ext\access-bridge-64.jar;C:\Program Files\Java\jdk1.8.0_333\jre\lib\ext\cldrdata.jar;C:\Program Files\Java\jdk1.8.0_333\jre\lib\ext\dnsns.jar;C:\Program Files\Java\jdk1.8.0_333\jre\lib\ext\jaccess.jar;C:\Program Files\Java\jdk1.8.0_333\jre\lib\ext\jfxrt.jar;C:\Program Files\Java\jdk1.8.0_333\jre\lib\ext\localedata.jar;C:\Program Files\Java\jdk1.8.0_333\jre\lib\ext\nashorn.jar;C:\Program Files\Java\jdk1.8.0_333\jre\lib\ext\sunec.jar;C:\Program Files\Java\jdk1.8.0_333\jre\lib\ext\sunjce_provider.jar;C:\Program Files\Java\jdk1.8.0_333\jre\lib\ext\sunmscapi.jar;C:\Program Files\Java\jdk1.8.0_333\jre\lib\ext\sunpkcs11.jar;C:\Program Files\Java\jdk1.8.0_333\jre\lib\ext\zipfs.jar;C:\Program Files\Java\jdk1.8.0_333\jre\lib\javaws.jar;C:\Program Files\Java\jdk1.8.0_333\jre\lib\jce.jar;C:\Program Files\Java\jdk1.8.0_333\jre\lib\jfr.jar;C:\Program Files\Java\jdk1.8.0_333\jre\lib\jfxswt.jar;C:\Program Files\Java\jdk1.8.0_333\jre\lib\jsse.jar;C:\Program Files\Java\jdk1.8.0_333\jre\lib\management-agent.jar;C:\Program Files\Java\jdk1.8.0_333\jre\lib\plugin.jar;C:\Program Files\Java\jdk1.8.0_333\jre\lib\resources.jar;C:\Program Files\Java\jdk1.8.0_333\jre\lib\rt.jar;D:\java实训\组内文件\后端1.3+postman\后端1.3\target\classes;D:\javajdk\maven\maven-repository\org\springframework\boot\spring-boot-starter-web\2.3.2.RELEASE\spring-boot-starter-web-2.3.2.RELEASE.jar;D:\javajdk\maven\maven-repository\org\springframework\boot\spring-boot-starter\2.3.2.RELEASE\spring-boot-starter-2.3.2.RELEASE.jar;D:\javajdk\maven\maven-repository\org\springframework\boot\spring-boot-starter-logging\2.3.2.RELEASE\spring-boot-starter-logging-2.3.2.RELEASE.jar;D:\javajdk\maven\maven-repository\ch\qos\logback\logback-classic\1.2.3\logback-classic-1.2.3.jar;D:\javajdk\maven\maven-repository\ch\qos\logback\logback-core\1.2.3\logback
Launcher Type: SUN_STANDARD

Environment Variables:
JAVA_HOME=C:\Program Files\Java\jdk1.8.0_333
CLASSPATH=.;C:\Program Files\Java\jdk1.8.0_333\lib;C:\Program Files\Java\jdk1.8.0_333\lib\tools.jar
PATH=C:\Program Files (x86)\Common Files\Oracle\Java\javapath;C:\Windows\system32;C:\Windows;C:\Windows\System32\Wbem;C:\Windows\System32\WindowsPowerShell\v1.0\;C:\Windows\System32\OpenSSH\;C:\Program Files (x86)\NVIDIA Corporation\PhysX\Common;C:\Program Files\NVIDIA Corporation\NVIDIA NvDLISR;C:\WINDOWS\system32;C:\WINDOWS;C:\WINDOWS\System32\Wbem;C:\WINDOWS\System32\WindowsPowerShell\v1.0\;C:\WINDOWS\System32\OpenSSH\;D:\Bandizip\;C:\Program Files\Git\cmd;C:\Program Files\Microsoft SQL Server\Client SDK\ODBC\170\Tools\Binn\;C:\Program Files (x86)\Microsoft SQL Server\150\Tools\Binn\;C:\Program Files\Microsoft SQL Server\150\Tools\Binn\;C:\Program Files\Microsoft SQL Server\150\DTS\Binn\;C:\Program Files\Java\jdk1.8.0_333\bin;D:\Edge_Files\apache-maven-3.6.3\bin;D:\Program Files\nodejs\;C:\Program Files\MySQL\MySQL Server 8.0\bin;D:\Program Files\mingw64\bin;C:\Users\YYY\AppData\Local\Microsoft\WindowsApps;D:\vscode\Microsoft VS Code\bin;D:\IntelliJ IDEA 2022.1.2\bin;;D:\Program Files\JetBrains\IntelliJ IDEA Community Edition 2022.1.2\bin;;D:\Program Files\nodejs\node_global\Roaming\npm;C:\Users\YYY\AppData\Roaming\npm
USERNAME=YYY
OS=Windows_NT
PROCESSOR_IDENTIFIER=Intel64 Family 6 Model 165 Stepping 2, GenuineIntel



---------------  S Y S T E M  ---------------

OS: Windows 10 , 64 bit Build 19041 (10.0.19041.1741)

CPU:total 16 (initial active 16) (8 cores per cpu, 2 threads per core) family 6 model 165 stepping 2, cmov, cx8, fxsr, mmx, sse, sse2, sse3, ssse3, sse4.1, sse4.2, popcnt, avx, avx2, aes, clmul, erms, 3dnowpref, lzcnt, ht, tsc, tscinvbit, bmi1, bmi2, adx

Memory: 4k page, physical 16640816k(871120k free), swap 29748012k(2172k free)

vm_info: Java HotSpot(TM) 64-Bit Server VM (25.333-b02) for windows-amd64 JRE (1.8.0_333-b02), built on Apr 25 2022 22:49:11 by "java_re" with MS VC++ 15.9 (VS2017)

time: Sat Jul  9 11:15:28 2022
timezone: 中国标准时间
elapsed time: 0.041449 seconds (0d 0h 0m 0s)

